2024-11-29 20:38:33 [main] INFO  Client_speaking - Server started at port8081
2024-11-29 20:38:38 [main] INFO  Client_speaking - New client created.
2024-11-29 20:38:38 [Thread-0] INFO  Client_speaking - Client send response!
2024-11-29 20:38:38 [Thread-0] INFO  Client_speaking - Client is getting respond: taikson
2024-11-29 20:38:42 [main] INFO  Client_speaking - New client created.
2024-11-29 20:38:42 [Thread-1] INFO  Client_speaking - Client send response!
2024-11-29 20:38:42 [Thread-1] INFO  Client_speaking - Client got a patients data
2024-11-29 20:38:42 [Thread-1] INFO  Client_speaking - Client is getting respond: 3, Knyaz, Glisti
5, Yarik, Glinomec
$$$
2024-11-29 20:38:43 [main] INFO  Client_speaking - New client created.
2024-11-29 20:38:43 [Thread-2] INFO  Client_speaking - Client send response!
2024-11-29 20:38:43 [Thread-2] INFO  Client_speaking - Client got a personal data
2024-11-29 20:38:43 [Thread-2] INFO  Client_speaking - Client is getting respond: 1, taikson@yandex.ru, taikson

2024-11-29 20:38:56 [main] INFO  Client_speaking - New client created.
2024-11-29 20:38:56 [Thread-3] INFO  Client_speaking - Client send response!
2024-11-29 20:38:56 [Thread-3] INFO  Client_speaking - Client is getting respond: Пациент успешно добавлен!
2024-11-29 20:38:56 [main] INFO  Client_speaking - New client created.
2024-11-29 20:38:56 [Thread-4] INFO  Client_speaking - Client send response!
2024-11-29 20:38:56 [Thread-4] INFO  Client_speaking - Client got a patients data
2024-11-29 20:38:56 [Thread-4] INFO  Client_speaking - Client is getting respond: 3, Knyaz, Glisti
5, Yarik, Glinomec
7, Grigoriy, Kaloed
$$$
2024-11-29 20:39:00 [main] INFO  Client_speaking - New client created.
2024-11-29 20:39:00 [Thread-5] INFO  Client_speaking - Client send response!
2024-11-29 20:39:00 [Thread-5] INFO  Client_speaking - Client got a personal data
2024-11-29 20:39:00 [Thread-5] INFO  Client_speaking - Client is getting respond: 1, taikson@yandex.ru, taikson

2024-11-29 20:39:00 [main] INFO  Client_speaking - New client created.
2024-11-29 20:39:00 [Thread-6] INFO  Client_speaking - Client send response!
2024-11-29 20:39:00 [Thread-6] INFO  Client_speaking - Client got a patients data
2024-11-29 20:39:00 [Thread-6] INFO  Client_speaking - Client is getting respond: 3, Knyaz, Glisti
5, Yarik, Glinomec
7, Grigoriy, Kaloed
$$$
2024-11-29 20:44:15 [main] INFO  ClientLogger - Server started at port8081
2024-11-29 20:44:21 [main] INFO  ClientLogger - New client created.
2024-11-29 20:44:21 [Thread-0] INFO  ClientLogger - Client send response!
2024-11-29 20:44:22 [Thread-0] INFO  ClientLogger - Client is getting respond: vladoor
2024-11-29 20:44:24 [main] INFO  ClientLogger - New client created.
2024-11-29 20:44:24 [Thread-1] INFO  ClientLogger - Client send response!
2024-11-29 20:44:24 [Thread-1] INFO  ClientLogger - Client got a personal data
2024-11-29 20:44:24 [Thread-1] INFO  ClientLogger - Client is getting respond: 2, vladoor@gmail.com, vladoor

2024-11-29 20:44:24 [main] INFO  ClientLogger - New client created.
2024-11-29 20:44:24 [Thread-2] INFO  ClientLogger - Client send response!
2024-11-29 20:44:24 [Thread-2] INFO  ClientLogger - Client got a patients data
2024-11-29 20:44:24 [Thread-2] INFO  ClientLogger - Client is getting respond: 1, Viktor, Rak
2, Lena, Sarkoma
4, Elisei, Narik
$$$
2024-11-29 20:44:26 [main] INFO  ClientLogger - New client created.
2024-11-29 20:44:26 [Thread-3] INFO  ClientLogger - Client send response!
2024-11-29 20:44:26 [Thread-3] INFO  ClientLogger - Client got a patients data
2024-11-29 20:44:26 [Thread-3] INFO  ClientLogger - Client is getting respond: 1, Viktor, Rak
2, Lena, Sarkoma
4, Elisei, Narik
$$$
2024-11-29 20:44:38 [main] INFO  ClientLogger - New client created.
2024-11-29 20:44:38 [Thread-4] INFO  ClientLogger - Client send response!
2024-11-29 20:44:38 [Thread-4] INFO  ClientLogger - Client is getting respond: Пациент успешно добавлен!
2024-11-29 20:44:38 [main] INFO  ClientLogger - New client created.
2024-11-29 20:44:38 [Thread-5] INFO  ClientLogger - Client send response!
2024-11-29 20:44:38 [Thread-5] INFO  ClientLogger - Client got a patients data
2024-11-29 20:44:38 [Thread-5] INFO  ClientLogger - Client is getting respond: 1, Viktor, Rak
2, Lena, Sarkoma
4, Elisei, Narik
8, Gregory, Zapory
$$$
2024-11-29 23:43:53 [main] INFO  ClientLogger - Server started at port8081
2024-11-29 23:44:04 [main] INFO  ClientLogger - New client created.
2024-11-29 23:44:04 [Thread-0] INFO  ClientLogger - Client send response!
2024-11-29 23:46:06 [main] INFO  ClientLogger - Server started at port8081
2024-11-29 23:46:14 [main] INFO  ClientLogger - New client created.
2024-11-29 23:46:14 [Thread-0] INFO  ClientLogger - Client send response!
2024-11-29 23:46:14 [Thread-0] INFO  ClientLogger - Client is getting respond: null
2024-11-29 23:46:18 [main] INFO  ClientLogger - New client created.
2024-11-29 23:46:18 [Thread-1] INFO  ClientLogger - Client send response!
2024-11-29 23:46:18 [Thread-1] INFO  ClientLogger - Client is getting respond: vladoor
2024-11-29 23:46:20 [main] INFO  ClientLogger - New client created.
2024-11-29 23:46:20 [Thread-2] INFO  ClientLogger - Client send response!
2024-11-29 23:46:20 [Thread-2] INFO  ClientLogger - Client got a personal data
2024-11-29 23:46:20 [Thread-2] INFO  ClientLogger - Client is getting respond: 2, vladoor@gmail.com, vladoor

2024-11-29 23:46:24 [main] INFO  ClientLogger - New client created.
2024-11-29 23:46:24 [Thread-3] INFO  ClientLogger - Client send response!
2024-11-29 23:46:24 [Thread-3] INFO  ClientLogger - Client got a patients data
2024-11-29 23:46:24 [Thread-3] INFO  ClientLogger - Client is getting respond: 1, Viktor, Rak
2, Lena, Sarkoma
4, Elisei, Narik
8, Gregory, Zapory
$$$
2024-11-29 23:46:30 [main] INFO  ClientLogger - New client created.
2024-11-29 23:46:30 [Thread-4] INFO  ClientLogger - Client send response!
2024-11-29 23:46:30 [Thread-4] INFO  ClientLogger - Client got a patients data
2024-11-29 23:46:30 [Thread-4] INFO  ClientLogger - Client is getting respond: 1, Viktor, Rak
2, Lena, Sarkoma
4, Elisei, Narik
8, Gregory, Zapory
$$$
2024-11-29 23:46:31 [main] INFO  ClientLogger - New client created.
2024-11-29 23:46:31 [Thread-5] INFO  ClientLogger - Client send response!
2024-11-29 23:46:31 [Thread-5] INFO  ClientLogger - Client got a personal data
2024-11-29 23:46:31 [Thread-5] INFO  ClientLogger - Client is getting respond: 2, vladoor@gmail.com, vladoor

2024-11-29 23:46:32 [main] INFO  ClientLogger - New client created.
2024-11-29 23:46:32 [Thread-6] INFO  ClientLogger - Client send response!
2024-11-29 23:46:32 [Thread-6] INFO  ClientLogger - Client got a patients data
2024-11-29 23:46:32 [Thread-6] INFO  ClientLogger - Client is getting respond: 1, Viktor, Rak
2, Lena, Sarkoma
4, Elisei, Narik
8, Gregory, Zapory
$$$
2024-11-29 23:46:33 [main] INFO  ClientLogger - New client created.
2024-11-29 23:46:33 [Thread-7] INFO  ClientLogger - Client send response!
2024-11-29 23:46:33 [Thread-7] INFO  ClientLogger - Client got a personal data
2024-11-29 23:46:33 [Thread-7] INFO  ClientLogger - Client is getting respond: 2, vladoor@gmail.com, vladoor

