[INFO ] 2023-12-13 16:26:02.807 [main] Main - Programm started
[INFO ] 2023-12-13 16:26:02.811 [main] Main - Entered MAIN MENU
[INFO ] 2023-12-13 16:26:02.811 [main] Main - MAIN MENU showed up
[INFO ] 2023-12-13 16:26:05.149 [main] Main - User have chosen //1
[INFO ] 2023-12-13 16:26:07.343 [main] Main - Entered MAIN MENU
[INFO ] 2023-12-13 16:26:07.344 [main] Main - MAIN MENU showed up
[INFO ] 2023-12-13 16:26:08.350 [main] Main - User have chosen //4
[INFO ] 2023-12-13 16:26:11.607 [main] Main - Entered MAIN MENU
[INFO ] 2023-12-13 16:26:11.608 [main] Main - MAIN MENU showed up
[INFO ] 2023-12-13 16:26:15.665 [main] Main - Programm ended
[INFO ] 2023-12-13 16:40:34.738 [main] Main - Programm started
[INFO ] 2023-12-13 16:40:34.742 [main] Main - Entered MAIN MENU
[INFO ] 2023-12-13 16:40:34.743 [main] Main - MAIN MENU showed up
[INFO ] 2023-12-13 16:40:35.938 [main] Main - User have chosen //2
[INFO ] 2023-12-13 16:40:35.939 [main] Main - Connecting new Appliance
[INFO ] 2023-12-13 16:40:37.842 [main] Main - Washer device connected
[INFO ] 2023-12-13 16:40:37.843 [main] Main - Entered MAIN MENU
[INFO ] 2023-12-13 16:40:37.843 [main] Main - MAIN MENU showed up
[INFO ] 2023-12-13 16:40:38.551 [main] Main - User have chosen //1
[INFO ] 2023-12-13 16:40:38.551 [main] Main - Connecting new Appliance
[INFO ] 2023-12-13 16:40:39.996 [main] Main - Freezer device connected
[INFO ] 2023-12-13 16:40:39.996 [main] Main - Entered MAIN MENU
[INFO ] 2023-12-13 16:40:39.997 [main] Main - MAIN MENU showed up
[INFO ] 2023-12-13 16:40:40.650 [main] Main - User have chosen //3
[INFO ] 2023-12-13 16:40:40.651 [main] Main - Connecting new Appliance
[INFO ] 2023-12-13 16:40:42.383 [main] Main - Dishwasher device connected
[INFO ] 2023-12-13 16:40:42.384 [main] Main - Entered MAIN MENU
[INFO ] 2023-12-13 16:40:42.384 [main] Main - MAIN MENU showed up
[INFO ] 2023-12-13 16:40:43.185 [main] Main - User have chosen //4
[INFO ] 2023-12-13 16:40:43.185 [main] Main - Listing Appliances
[INFO ] 2023-12-13 16:40:44.315 [main] Main - Entered MAIN MENU
[INFO ] 2023-12-13 16:40:44.315 [main] Main - MAIN MENU showed up
[INFO ] 2023-12-13 16:40:45.688 [main] Main - User have chosen //5
[INFO ] 2023-12-13 16:40:45.688 [main] Main - Deleting Appliance
[INFO ] 2023-12-13 16:40:45.688 [main] Main - Listing Appliances
[INFO ] 2023-12-13 16:40:46.956 [main] Main - Device deleted
[INFO ] 2023-12-13 16:40:46.956 [main] Main - Entered MAIN MENU
[INFO ] 2023-12-13 16:40:46.956 [main] Main - MAIN MENU showed up
[INFO ] 2023-12-13 16:40:48.209 [main] Main - User have chosen //4
[INFO ] 2023-12-13 16:40:48.209 [main] Main - Listing Appliances
[INFO ] 2023-12-13 16:40:48.750 [main] Main - Entered MAIN MENU
[INFO ] 2023-12-13 16:40:48.750 [main] Main - MAIN MENU showed up
[INFO ] 2023-12-13 16:40:49.959 [main] Main - User have chosen //6
[INFO ] 2023-12-13 16:40:49.959 [main] Main - Entered DEVICE MENU
[INFO ] 2023-12-13 16:40:49.959 [main] Main - Listing Appliances
[INFO ] 2023-12-13 16:40:51.448 [main] Main - Entered FUNCTIONS MENU
[INFO ] 2023-12-13 16:40:51.448 [main] Main - Changing Freezer settings
[INFO ] 2023-12-13 16:40:52.435 [main] Main - Device toggling
[INFO ] 2023-12-13 16:40:52.435 [main] Main - Device turned ON
[ERROR] 2023-12-13 16:40:52.435 [main] Main - DEVICE OUT OF SERVICE!
[INFO ] 2023-12-13 16:40:52.435 [main] Main - Changing Freezer settings
[INFO ] 2023-12-13 16:40:52.437 [main] Main - CurrentLoad showed for Freezer
[INFO ] 2023-12-13 16:40:52.437 [main] Main - CurrentStatus showed for Freezer
[INFO ] 2023-12-13 16:40:52.437 [main] Main - CurrentMode showed for Freezer
[INFO ] 2023-12-13 16:40:53.874 [main] Main - Changing Freezer loadout
[ERROR] 2023-12-13 16:40:56.120 [main] Main - Negative amount of products!
[INFO ] 2023-12-13 16:40:56.576 [main] Main - Changing Freezer settings
[INFO ] 2023-12-13 16:40:56.577 [main] Main - CurrentLoad showed for Freezer
[INFO ] 2023-12-13 16:40:56.577 [main] Main - CurrentStatus showed for Freezer
[INFO ] 2023-12-13 16:40:56.577 [main] Main - CurrentMode showed for Freezer
[INFO ] 2023-12-13 16:40:58.510 [main] Main - Changing Freezer loadout
[INFO ] 2023-12-13 16:41:00.100 [main] Main - Changing Freezer settings
[INFO ] 2023-12-13 16:41:00.101 [main] Main - CurrentLoad showed for Freezer
[INFO ] 2023-12-13 16:41:00.101 [main] Main - CurrentStatus showed for Freezer
[INFO ] 2023-12-13 16:41:00.101 [main] Main - CurrentMode showed for Freezer
[INFO ] 2023-12-13 16:41:02.737 [main] Main - Changin Freezer loadout
[WARN ] 2023-12-13 16:41:03.994 [main] Main - Tried to take more products than Freezer have
[INFO ] 2023-12-13 16:41:03.994 [main] Main - Changing Freezer settings
[INFO ] 2023-12-13 16:41:03.995 [main] Main - CurrentLoad showed for Freezer
[INFO ] 2023-12-13 16:41:03.995 [main] Main - CurrentStatus showed for Freezer
[INFO ] 2023-12-13 16:41:03.995 [main] Main - CurrentMode showed for Freezer
[INFO ] 2023-12-13 16:41:09.902 [main] Main - Device toggling
[INFO ] 2023-12-13 16:41:09.902 [main] Main - Device turned OFF
[ERROR] 2023-12-13 16:41:09.902 [main] Main - DEVICE OUT OF SERVICE!
[INFO ] 2023-12-13 16:41:09.902 [main] Main - Changing Freezer settings
[INFO ] 2023-12-13 16:41:10.525 [main] Main - Exited FUNCTIONS MENU
[INFO ] 2023-12-13 16:41:10.525 [main] Main - Entered DEVICE MENU
[INFO ] 2023-12-13 16:41:10.525 [main] Main - Listing Appliances
[INFO ] 2023-12-13 16:41:11.309 [main] Main - Exit from DEVICE MENU
[INFO ] 2023-12-13 16:41:11.309 [main] Main - Entered MAIN MENU
[INFO ] 2023-12-13 16:41:11.309 [main] Main - MAIN MENU showed up
[INFO ] 2023-12-13 16:41:12.032 [main] Main - Programm ended
[INFO ] 2023-12-14 00:32:36.582 [main] Main - Freezer device connected
[INFO ] 2023-12-14 00:32:36.585 [main] Main - Mode switched for Freezer
[INFO ] 2023-12-14 00:32:36.586 [main] Main - Freezer device connected
[ERROR] 2023-12-14 00:32:36.586 [main] Main - Trying to choose unexisting mode!
[INFO ] 2023-12-14 00:32:36.587 [main] Main - Dishwasher device connected
[ERROR] 2023-12-14 00:32:36.587 [main] Main - Trying to choose unexisting mode!
[INFO ] 2023-12-14 00:32:36.588 [main] Main - Dishwasher device connected
[INFO ] 2023-12-14 00:32:36.588 [main] Main - Mode switched for Dishwasher
[INFO ] 2023-12-14 00:34:51.415 [main] Main - Freezer device connected
[INFO ] 2023-12-14 00:34:51.418 [main] Main - Mode switched for Freezer
[INFO ] 2023-12-14 00:34:51.419 [main] Main - Freezer device connected
[ERROR] 2023-12-14 00:34:51.419 [main] Main - Trying to choose unexisting mode!
[INFO ] 2023-12-14 00:34:51.420 [main] Main - Dishwasher device connected
[ERROR] 2023-12-14 00:34:51.421 [main] Main - Trying to choose unexisting mode!
[INFO ] 2023-12-14 00:34:51.421 [main] Main - Dishwasher device connected
[INFO ] 2023-12-14 00:34:51.421 [main] Main - Mode switched for Dishwasher
[INFO ] 2023-12-14 00:42:56.831 [main] Main - Programm started
[INFO ] 2023-12-14 00:42:56.839 [main] Main - Entered MAIN MENU
[INFO ] 2023-12-14 00:42:56.839 [main] Main - MAIN MENU showed up
[INFO ] 2023-12-14 00:43:00.487 [main] Main - User have chosen //1
[INFO ] 2023-12-14 00:43:00.487 [main] Main - Connecting new Appliance
[INFO ] 2023-12-14 00:43:03.304 [main] Main - Freezer device connected
[INFO ] 2023-12-14 00:43:03.305 [main] Main - Entered MAIN MENU
[INFO ] 2023-12-14 00:43:03.305 [main] Main - MAIN MENU showed up
[INFO ] 2023-12-14 00:43:06.636 [main] Main - User have chosen //2
[INFO ] 2023-12-14 00:43:06.636 [main] Main - Connecting new Appliance
[INFO ] 2023-12-14 00:43:08.199 [main] Main - Washer device connected
[INFO ] 2023-12-14 00:43:08.199 [main] Main - Entered MAIN MENU
[INFO ] 2023-12-14 00:43:08.199 [main] Main - MAIN MENU showed up
[INFO ] 2023-12-14 00:43:08.890 [main] Main - User have chosen //4
[INFO ] 2023-12-14 00:43:08.890 [main] Main - Listing Appliances
[INFO ] 2023-12-14 00:43:13.624 [main] Main - Entered MAIN MENU
[INFO ] 2023-12-14 00:43:13.624 [main] Main - MAIN MENU showed up
[INFO ] 2023-12-14 00:43:16.568 [main] Main - User have chosen //4
[INFO ] 2023-12-14 00:43:16.569 [main] Main - Listing Appliances
[INFO ] 2023-12-14 00:43:19.823 [main] Main - Entered MAIN MENU
[INFO ] 2023-12-14 00:43:19.823 [main] Main - MAIN MENU showed up
[INFO ] 2023-12-14 00:43:23.217 [main] Main - User have chosen //6
[INFO ] 2023-12-14 00:43:31.663 [main] Main - Entered MAIN MENU
[INFO ] 2023-12-14 00:43:31.663 [main] Main - MAIN MENU showed up
[INFO ] 2023-12-14 00:43:34.167 [main] Main - Programm ended
[INFO ] 2023-12-14 00:48:37.050 [main] Main - Freezer device connected
[INFO ] 2023-12-14 00:48:37.053 [main] Main - Mode switched for Freezer
[INFO ] 2023-12-14 00:48:37.054 [main] Main - Freezer device connected
[ERROR] 2023-12-14 00:48:37.054 [main] Main - Trying to choose unexisting mode!
[INFO ] 2023-12-14 00:48:37.055 [main] Main - Dishwasher device connected
[ERROR] 2023-12-14 00:48:37.055 [main] Main - Trying to choose unexisting mode!
[INFO ] 2023-12-14 00:48:37.056 [main] Main - Dishwasher device connected
[INFO ] 2023-12-14 00:48:37.056 [main] Main - Mode switched for Dishwasher
[INFO ] 2023-12-14 00:48:47.121 [main] Main - Programm started
[INFO ] 2023-12-14 00:48:47.125 [main] Main - Entered MAIN MENU
[INFO ] 2023-12-14 00:48:47.126 [main] Main - MAIN MENU showed up
[INFO ] 2023-12-14 00:48:48.355 [main] Main - User have chosen //2
[INFO ] 2023-12-14 00:48:48.355 [main] Main - Connecting new Appliance
[INFO ] 2023-12-14 00:49:03.703 [main] Main - Washer device connected
[INFO ] 2023-12-14 00:49:03.703 [main] Main - Entered MAIN MENU
[INFO ] 2023-12-14 00:49:03.704 [main] Main - MAIN MENU showed up
[INFO ] 2023-12-14 00:49:05.213 [main] Main - User have chosen //1
[INFO ] 2023-12-14 00:49:05.213 [main] Main - Connecting new Appliance
[INFO ] 2023-12-14 00:49:11.420 [main] Main - Freezer device connected
[INFO ] 2023-12-14 00:49:11.420 [main] Main - Entered MAIN MENU
[INFO ] 2023-12-14 00:49:11.421 [main] Main - MAIN MENU showed up
[INFO ] 2023-12-14 00:49:12.254 [main] Main - User have chosen //4
[INFO ] 2023-12-14 00:49:12.254 [main] Main - Listing Appliances
[INFO ] 2023-12-14 00:49:17.309 [main] Main - Entered MAIN MENU
[INFO ] 2023-12-14 00:49:17.310 [main] Main - MAIN MENU showed up
[INFO ] 2023-12-14 00:49:18.135 [main] Main - User have chosen //4
[INFO ] 2023-12-14 00:49:18.135 [main] Main - Listing Appliances
[INFO ] 2023-12-14 00:49:19.268 [main] Main - Entered MAIN MENU
[INFO ] 2023-12-14 00:49:19.268 [main] Main - MAIN MENU showed up
[INFO ] 2023-12-14 00:49:21.056 [main] Main - User have chosen //3
[INFO ] 2023-12-14 00:49:21.057 [main] Main - Connecting new Appliance
[INFO ] 2023-12-14 00:49:27.849 [main] Main - Dishwasher device connected
[INFO ] 2023-12-14 00:49:27.849 [main] Main - Entered MAIN MENU
[INFO ] 2023-12-14 00:49:27.850 [main] Main - MAIN MENU showed up
[INFO ] 2023-12-14 00:49:28.620 [main] Main - User have chosen //4
[INFO ] 2023-12-14 00:49:28.620 [main] Main - Listing Appliances
[INFO ] 2023-12-14 00:49:30.921 [main] Main - Entered MAIN MENU
[INFO ] 2023-12-14 00:49:30.921 [main] Main - MAIN MENU showed up
[INFO ] 2023-12-14 00:49:33.163 [main] Main - User have chosen //5
[INFO ] 2023-12-14 00:49:33.164 [main] Main - Deleting Appliance
[INFO ] 2023-12-14 00:49:33.164 [main] Main - Listing Appliances
[INFO ] 2023-12-14 00:49:34.822 [main] Main - Device deleted
[INFO ] 2023-12-14 00:49:34.822 [main] Main - Entered MAIN MENU
[INFO ] 2023-12-14 00:49:34.823 [main] Main - MAIN MENU showed up
[INFO ] 2023-12-14 00:49:35.688 [main] Main - User have chosen //4
[INFO ] 2023-12-14 00:49:35.689 [main] Main - Listing Appliances
[INFO ] 2023-12-14 00:49:38.559 [main] Main - Entered MAIN MENU
[INFO ] 2023-12-14 00:49:38.560 [main] Main - MAIN MENU showed up
[INFO ] 2023-12-14 00:49:40.949 [main] Main - User have chosen //6
[INFO ] 2023-12-14 00:49:40.981 [main] Main - Json file written
[INFO ] 2023-12-14 00:49:42.067 [main] Main - Entered MAIN MENU
[INFO ] 2023-12-14 00:49:42.067 [main] Main - MAIN MENU showed up
[INFO ] 2023-12-14 00:49:45.386 [main] Main - Programm ended
[INFO ] 2023-12-14 01:16:15.093 [main] Main - Programm started
[INFO ] 2023-12-14 01:16:15.102 [main] Main - Entered MAIN MENU
[INFO ] 2023-12-14 01:16:15.102 [main] Main - MAIN MENU showed up
[INFO ] 2023-12-14 01:16:18.897 [main] Main - User have chosen //1
[INFO ] 2023-12-14 01:16:18.897 [main] Main - Connecting new Appliance
[INFO ] 2023-12-14 01:16:22.375 [main] Main - Freezer device connected
[INFO ] 2023-12-14 01:16:22.375 [main] Main - Entered MAIN MENU
[INFO ] 2023-12-14 01:16:22.375 [main] Main - MAIN MENU showed up
[INFO ] 2023-12-14 01:16:24.945 [main] Main - User have chosen //4
[INFO ] 2023-12-14 01:16:24.945 [main] Main - Listing Appliances
[INFO ] 2023-12-14 01:16:29.222 [main] Main - Entered MAIN MENU
[INFO ] 2023-12-14 01:16:29.222 [main] Main - MAIN MENU showed up
[INFO ] 2023-12-14 01:16:29.997 [main] Main - User have chosen //2
[INFO ] 2023-12-14 01:16:29.997 [main] Main - Connecting new Appliance
[INFO ] 2023-12-14 01:16:31.531 [main] Main - Washer device connected
[INFO ] 2023-12-14 01:16:31.531 [main] Main - Entered MAIN MENU
[INFO ] 2023-12-14 01:16:31.531 [main] Main - MAIN MENU showed up
[INFO ] 2023-12-14 01:16:32.311 [main] Main - User have chosen //4
[INFO ] 2023-12-14 01:16:32.312 [main] Main - Listing Appliances
[INFO ] 2023-12-14 01:16:35.648 [main] Main - Entered MAIN MENU
[INFO ] 2023-12-14 01:16:35.648 [main] Main - MAIN MENU showed up
[INFO ] 2023-12-14 01:16:40.724 [main] Main - User have chosen //7
[INFO ] 2023-12-14 01:16:40.762 [main] Main - Json file written
[INFO ] 2023-12-14 01:16:42.998 [main] Main - Entered MAIN MENU
[INFO ] 2023-12-14 01:16:42.998 [main] Main - MAIN MENU showed up
[INFO ] 2023-12-14 01:16:55.129 [main] Main - Programm ended
[INFO ] 2023-12-14 01:20:16.640 [main] Main - Freezer device connected
[INFO ] 2023-12-14 01:20:16.642 [main] Main - Mode switched for Freezer
[INFO ] 2023-12-14 01:20:16.643 [main] Main - Freezer device connected
[ERROR] 2023-12-14 01:20:16.644 [main] Main - Trying to choose unexisting mode!
[INFO ] 2023-12-14 01:20:16.645 [main] Main - Dishwasher device connected
[ERROR] 2023-12-14 01:20:16.645 [main] Main - Trying to choose unexisting mode!
[INFO ] 2023-12-14 01:20:16.645 [main] Main - Dishwasher device connected
[INFO ] 2023-12-14 01:20:16.645 [main] Main - Mode switched for Dishwasher
[INFO ] 2023-12-14 01:20:58.891 [main] Main - Freezer device connected
[INFO ] 2023-12-14 01:20:58.894 [main] Main - Mode switched for Freezer
[INFO ] 2023-12-14 01:20:58.895 [main] Main - Freezer device connected
[ERROR] 2023-12-14 01:20:58.895 [main] Main - Trying to choose unexisting mode!
[INFO ] 2023-12-14 01:20:58.896 [main] Main - Dishwasher device connected
[ERROR] 2023-12-14 01:20:58.897 [main] Main - Trying to choose unexisting mode!
[INFO ] 2023-12-14 01:20:58.897 [main] Main - Dishwasher device connected
[INFO ] 2023-12-14 01:20:58.897 [main] Main - Mode switched for Dishwasher
[INFO ] 2023-12-14 01:21:06.648 [main] Main - Programm started
[INFO ] 2023-12-14 01:21:06.652 [main] Main - Entered MAIN MENU
[INFO ] 2023-12-14 01:21:06.653 [main] Main - MAIN MENU showed up
[INFO ] 2023-12-14 01:21:14.230 [main] Main - User have chosen //3
[INFO ] 2023-12-14 01:21:14.231 [main] Main - Connecting new Appliance
[INFO ] 2023-12-14 01:21:16.709 [main] Main - Dishwasher device connected
[INFO ] 2023-12-14 01:21:16.709 [main] Main - Entered MAIN MENU
[INFO ] 2023-12-14 01:21:16.710 [main] Main - MAIN MENU showed up
[INFO ] 2023-12-14 01:21:17.852 [main] Main - User have chosen //2
[INFO ] 2023-12-14 01:21:17.852 [main] Main - Connecting new Appliance
[INFO ] 2023-12-14 01:21:19.244 [main] Main - Washer device connected
[INFO ] 2023-12-14 01:21:19.245 [main] Main - Entered MAIN MENU
[INFO ] 2023-12-14 01:21:19.245 [main] Main - MAIN MENU showed up
[INFO ] 2023-12-14 01:21:21.203 [main] Main - User have chosen //4
[INFO ] 2023-12-14 01:21:21.203 [main] Main - Listing Appliances
[INFO ] 2023-12-14 01:21:24.998 [main] Main - Entered MAIN MENU
[INFO ] 2023-12-14 01:21:24.998 [main] Main - MAIN MENU showed up
[INFO ] 2023-12-14 01:21:30.419 [main] Main - User have chosen //7
[INFO ] 2023-12-14 01:21:30.450 [main] Main - Json file written
[INFO ] 2023-12-14 01:21:31.475 [main] Main - Entered MAIN MENU
[INFO ] 2023-12-14 01:21:31.475 [main] Main - MAIN MENU showed up
[INFO ] 2023-12-14 01:21:33.029 [main] Main - User have chosen //4
[INFO ] 2023-12-14 01:21:33.029 [main] Main - Listing Appliances
[INFO ] 2023-12-14 01:21:33.679 [main] Main - Entered MAIN MENU
[INFO ] 2023-12-14 01:21:33.680 [main] Main - MAIN MENU showed up
[INFO ] 2023-12-14 01:21:35.607 [main] Main - User have chosen //1
[INFO ] 2023-12-14 01:21:35.607 [main] Main - Connecting new Appliance
[INFO ] 2023-12-14 01:21:37.306 [main] Main - Freezer device connected
[INFO ] 2023-12-14 01:21:37.306 [main] Main - Entered MAIN MENU
[INFO ] 2023-12-14 01:21:37.307 [main] Main - MAIN MENU showed up
[INFO ] 2023-12-14 01:21:37.947 [main] Main - User have chosen //4
[INFO ] 2023-12-14 01:21:37.947 [main] Main - Listing Appliances
[INFO ] 2023-12-14 01:21:39.210 [main] Main - Entered MAIN MENU
[INFO ] 2023-12-14 01:21:39.211 [main] Main - MAIN MENU showed up
[INFO ] 2023-12-14 01:21:40.998 [main] Main - User have chosen //5
[INFO ] 2023-12-14 01:21:40.998 [main] Main - Deleting Appliance
[INFO ] 2023-12-14 01:21:40.999 [main] Main - Listing Appliances
[INFO ] 2023-12-14 01:21:42.806 [main] Main - Device deleted
[INFO ] 2023-12-14 01:21:42.806 [main] Main - Entered MAIN MENU
[INFO ] 2023-12-14 01:21:42.807 [main] Main - MAIN MENU showed up
[INFO ] 2023-12-14 01:21:45.344 [main] Main - User have chosen //5
[INFO ] 2023-12-14 01:21:45.345 [main] Main - Deleting Appliance
[INFO ] 2023-12-14 01:21:45.345 [main] Main - Listing Appliances
[INFO ] 2023-12-14 01:21:47.049 [main] Main - Device deleted
[INFO ] 2023-12-14 01:21:47.049 [main] Main - Entered MAIN MENU
[INFO ] 2023-12-14 01:21:47.050 [main] Main - MAIN MENU showed up
[INFO ] 2023-12-14 01:21:47.491 [main] Main - User have chosen //5
[INFO ] 2023-12-14 01:21:47.491 [main] Main - Deleting Appliance
[INFO ] 2023-12-14 01:21:47.491 [main] Main - Listing Appliances
[INFO ] 2023-12-14 01:21:48.110 [main] Main - Device deleted
[INFO ] 2023-12-14 01:21:48.110 [main] Main - Entered MAIN MENU
[INFO ] 2023-12-14 01:21:48.110 [main] Main - MAIN MENU showed up
[INFO ] 2023-12-14 01:21:48.924 [main] Main - User have chosen //4
[INFO ] 2023-12-14 01:21:48.924 [main] Main - Listing Appliances
[INFO ] 2023-12-14 01:21:49.539 [main] Main - Entered MAIN MENU
[INFO ] 2023-12-14 01:21:49.540 [main] Main - MAIN MENU showed up
[INFO ] 2023-12-14 01:21:52.681 [main] Main - User have chosen //8
[INFO ] 2023-12-14 01:24:17.765 [main] Main - Freezer device connected
[INFO ] 2023-12-14 01:24:17.768 [main] Main - Mode switched for Freezer
[INFO ] 2023-12-14 01:24:17.769 [main] Main - Freezer device connected
[ERROR] 2023-12-14 01:24:17.769 [main] Main - Trying to choose unexisting mode!
[INFO ] 2023-12-14 01:24:17.770 [main] Main - Dishwasher device connected
[ERROR] 2023-12-14 01:24:17.770 [main] Main - Trying to choose unexisting mode!
[INFO ] 2023-12-14 01:24:17.771 [main] Main - Dishwasher device connected
[INFO ] 2023-12-14 01:24:17.771 [main] Main - Mode switched for Dishwasher
[INFO ] 2023-12-14 01:24:21.481 [main] Main - Programm started
[INFO ] 2023-12-14 01:24:21.485 [main] Main - Entered MAIN MENU
[INFO ] 2023-12-14 01:24:21.486 [main] Main - MAIN MENU showed up
[INFO ] 2023-12-14 01:24:22.608 [main] Main - User have chosen //2
[INFO ] 2023-12-14 01:24:22.608 [main] Main - Connecting new Appliance
[INFO ] 2023-12-14 01:24:24.038 [main] Main - Washer device connected
[INFO ] 2023-12-14 01:24:24.039 [main] Main - Entered MAIN MENU
[INFO ] 2023-12-14 01:24:24.039 [main] Main - MAIN MENU showed up
[INFO ] 2023-12-14 01:24:24.782 [main] Main - User have chosen //1
[INFO ] 2023-12-14 01:24:24.782 [main] Main - Connecting new Appliance
[INFO ] 2023-12-14 01:24:26.201 [main] Main - Freezer device connected
[INFO ] 2023-12-14 01:24:26.201 [main] Main - Entered MAIN MENU
[INFO ] 2023-12-14 01:24:26.202 [main] Main - MAIN MENU showed up
[INFO ] 2023-12-14 01:24:27.631 [main] Main - User have chosen //4
[INFO ] 2023-12-14 01:24:27.631 [main] Main - Listing Appliances
[INFO ] 2023-12-14 01:24:29.159 [main] Main - Entered MAIN MENU
[INFO ] 2023-12-14 01:24:29.160 [main] Main - MAIN MENU showed up
[INFO ] 2023-12-14 01:24:31.461 [main] Main - User have chosen //7
[INFO ] 2023-12-14 01:24:31.492 [main] Main - Json file written
[INFO ] 2023-12-14 01:24:32.242 [main] Main - Entered MAIN MENU
[INFO ] 2023-12-14 01:24:32.242 [main] Main - MAIN MENU showed up
[INFO ] 2023-12-14 01:24:34.153 [main] Main - User have chosen //2
[INFO ] 2023-12-14 01:24:34.153 [main] Main - Connecting new Appliance
[INFO ] 2023-12-14 01:24:35.514 [main] Main - Washer device connected
[INFO ] 2023-12-14 01:24:35.515 [main] Main - Entered MAIN MENU
[INFO ] 2023-12-14 01:24:35.515 [main] Main - MAIN MENU showed up
[INFO ] 2023-12-14 01:24:37.984 [main] Main - User have chosen //5
[INFO ] 2023-12-14 01:24:37.984 [main] Main - Deleting Appliance
[INFO ] 2023-12-14 01:24:37.984 [main] Main - Listing Appliances
[INFO ] 2023-12-14 01:24:38.982 [main] Main - Device deleted
[INFO ] 2023-12-14 01:24:38.982 [main] Main - Entered MAIN MENU
[INFO ] 2023-12-14 01:24:38.983 [main] Main - MAIN MENU showed up
[INFO ] 2023-12-14 01:24:40.547 [main] Main - User have chosen //5
[INFO ] 2023-12-14 01:24:40.547 [main] Main - Deleting Appliance
[INFO ] 2023-12-14 01:24:40.547 [main] Main - Listing Appliances
[INFO ] 2023-12-14 01:24:41.286 [main] Main - Device deleted
[INFO ] 2023-12-14 01:24:41.287 [main] Main - Entered MAIN MENU
[INFO ] 2023-12-14 01:24:41.287 [main] Main - MAIN MENU showed up
[INFO ] 2023-12-14 01:24:42.450 [main] Main - User have chosen //5
[INFO ] 2023-12-14 01:24:42.450 [main] Main - Deleting Appliance
[INFO ] 2023-12-14 01:24:42.451 [main] Main - Listing Appliances
[INFO ] 2023-12-14 01:24:42.934 [main] Main - Device deleted
[INFO ] 2023-12-14 01:24:42.934 [main] Main - Entered MAIN MENU
[INFO ] 2023-12-14 01:24:42.935 [main] Main - MAIN MENU showed up
[INFO ] 2023-12-14 01:24:45.225 [main] Main - User have chosen //8
[INFO ] 2023-12-14 01:29:19.112 [main] Main - Freezer device connected
[INFO ] 2023-12-14 01:29:19.114 [main] Main - Mode switched for Freezer
[INFO ] 2023-12-14 01:29:19.115 [main] Main - Freezer device connected
[ERROR] 2023-12-14 01:29:19.116 [main] Main - Trying to choose unexisting mode!
[INFO ] 2023-12-14 01:29:19.117 [main] Main - Dishwasher device connected
[ERROR] 2023-12-14 01:29:19.117 [main] Main - Trying to choose unexisting mode!
[INFO ] 2023-12-14 01:29:19.117 [main] Main - Dishwasher device connected
[INFO ] 2023-12-14 01:29:19.117 [main] Main - Mode switched for Dishwasher
[INFO ] 2023-12-14 01:29:22.357 [main] Main - Programm started
[INFO ] 2023-12-14 01:29:22.360 [main] Main - Entered MAIN MENU
[INFO ] 2023-12-14 01:29:22.361 [main] Main - MAIN MENU showed up
[INFO ] 2023-12-14 01:29:24.730 [main] Main - User have chosen //8
[INFO ] 2023-12-14 01:31:46.183 [main] Main - Freezer device connected
[INFO ] 2023-12-14 01:31:46.186 [main] Main - Mode switched for Freezer
[INFO ] 2023-12-14 01:31:46.187 [main] Main - Freezer device connected
[ERROR] 2023-12-14 01:31:46.187 [main] Main - Trying to choose unexisting mode!
[INFO ] 2023-12-14 01:31:46.188 [main] Main - Dishwasher device connected
[ERROR] 2023-12-14 01:31:46.188 [main] Main - Trying to choose unexisting mode!
[INFO ] 2023-12-14 01:31:46.189 [main] Main - Dishwasher device connected
[INFO ] 2023-12-14 01:31:46.189 [main] Main - Mode switched for Dishwasher
[INFO ] 2023-12-14 01:31:50.262 [main] Main - Programm started
[INFO ] 2023-12-14 01:31:50.265 [main] Main - Entered MAIN MENU
[INFO ] 2023-12-14 01:31:50.266 [main] Main - MAIN MENU showed up
[INFO ] 2023-12-14 01:31:51.487 [main] Main - User have chosen //2
[INFO ] 2023-12-14 01:31:51.487 [main] Main - Connecting new Appliance
[INFO ] 2023-12-14 01:31:53.623 [main] Main - Washer device connected
[INFO ] 2023-12-14 01:31:53.624 [main] Main - Entered MAIN MENU
[INFO ] 2023-12-14 01:31:53.624 [main] Main - MAIN MENU showed up
[INFO ] 2023-12-14 01:31:55.645 [main] Main - User have chosen //7
[INFO ] 2023-12-14 01:32:03.626 [main] Main - Programm started
[INFO ] 2023-12-14 01:32:03.630 [main] Main - Entered MAIN MENU
[INFO ] 2023-12-14 01:32:03.631 [main] Main - MAIN MENU showed up
[INFO ] 2023-12-14 01:32:05.113 [main] Main - User have chosen //2
[INFO ] 2023-12-14 01:32:05.113 [main] Main - Connecting new Appliance
[INFO ] 2023-12-14 01:32:06.557 [main] Main - Washer device connected
[INFO ] 2023-12-14 01:32:06.557 [main] Main - Entered MAIN MENU
[INFO ] 2023-12-14 01:32:06.558 [main] Main - MAIN MENU showed up
[INFO ] 2023-12-14 01:32:08.519 [main] Main - User have chosen //4
[INFO ] 2023-12-14 01:32:08.519 [main] Main - Listing Appliances
[INFO ] 2023-12-14 01:32:11.568 [main] Main - Entered MAIN MENU
[INFO ] 2023-12-14 01:32:11.568 [main] Main - MAIN MENU showed up
[INFO ] 2023-12-14 01:32:12.311 [main] Main - User have chosen //2
[INFO ] 2023-12-14 01:32:12.311 [main] Main - Connecting new Appliance
[INFO ] 2023-12-14 01:32:13.876 [main] Main - Washer device connected
[INFO ] 2023-12-14 01:32:13.877 [main] Main - Entered MAIN MENU
[INFO ] 2023-12-14 01:32:13.877 [main] Main - MAIN MENU showed up
[INFO ] 2023-12-14 01:32:17.792 [main] Main - User have chosen //7
[INFO ] 2023-12-14 01:32:17.820 [main] Main - Json file written
[INFO ] 2023-12-14 01:32:18.754 [main] Main - Entered MAIN MENU
[INFO ] 2023-12-14 01:32:18.754 [main] Main - MAIN MENU showed up
[INFO ] 2023-12-14 01:32:20.900 [main] Main - Programm ended
[INFO ] 2023-12-14 01:41:48.823 [main] Main - Programm started
[INFO ] 2023-12-14 01:41:48.830 [main] Main - Entered MAIN MENU
[INFO ] 2023-12-14 01:41:48.831 [main] Main - MAIN MENU showed up
[INFO ] 2023-12-14 01:41:52.112 [main] Main - User have chosen //1
[INFO ] 2023-12-14 01:41:52.112 [main] Main - Connecting new Appliance
[INFO ] 2023-12-14 01:41:53.732 [main] Main - Freezer device connected
[INFO ] 2023-12-14 01:41:53.732 [main] Main - Entered MAIN MENU
[INFO ] 2023-12-14 01:41:53.732 [main] Main - MAIN MENU showed up
[INFO ] 2023-12-14 01:41:54.502 [main] Main - User have chosen //4
[INFO ] 2023-12-14 01:41:54.502 [main] Main - Listing Appliances
[INFO ] 2023-12-14 01:41:56.841 [main] Main - Entered MAIN MENU
[INFO ] 2023-12-14 01:41:56.841 [main] Main - MAIN MENU showed up
[INFO ] 2023-12-14 01:41:58.896 [main] Main - User have chosen //7
[INFO ] 2023-12-14 01:41:58.932 [main] Main - Json file written
[INFO ] 2023-12-14 01:42:00.873 [main] Main - Entered MAIN MENU
[INFO ] 2023-12-14 01:42:00.873 [main] Main - MAIN MENU showed up
[INFO ] 2023-12-14 01:42:01.954 [main] Main - Programm ended
[INFO ] 2023-12-14 01:43:23.358 [main] Main - Programm started
[INFO ] 2023-12-14 01:43:23.365 [main] Main - Entered MAIN MENU
[INFO ] 2023-12-14 01:43:23.366 [main] Main - MAIN MENU showed up
[INFO ] 2023-12-14 01:43:26.516 [main] Main - User have chosen //8
[INFO ] 2023-12-14 01:46:49.181 [main] Main - Programm started
[INFO ] 2023-12-14 01:46:49.189 [main] Main - Entered MAIN MENU
[INFO ] 2023-12-14 01:46:49.190 [main] Main - MAIN MENU showed up
[INFO ] 2023-12-14 01:46:51.825 [main] Main - User have chosen //8
[INFO ] 2023-12-14 13:40:49.200 [main] Main - Programm started
[INFO ] 2023-12-14 13:40:49.209 [main] Main - Entered MAIN MENU
[INFO ] 2023-12-14 13:40:49.209 [main] Main - MAIN MENU showed up
[INFO ] 2023-12-14 13:40:51.322 [main] Main - User have chosen //2
[INFO ] 2023-12-14 13:40:51.322 [main] Main - Connecting new Appliance
[INFO ] 2023-12-14 13:40:52.911 [main] Main - Washer device connected
[INFO ] 2023-12-14 13:40:52.911 [main] Main - Entered MAIN MENU
[INFO ] 2023-12-14 13:40:52.911 [main] Main - MAIN MENU showed up
[INFO ] 2023-12-14 13:40:53.843 [main] Main - User have chosen //4
[INFO ] 2023-12-14 13:40:53.843 [main] Main - Listing Appliances
[INFO ] 2023-12-14 13:40:57.182 [main] Main - Entered MAIN MENU
[INFO ] 2023-12-14 13:40:57.182 [main] Main - MAIN MENU showed up
[INFO ] 2023-12-14 13:40:57.845 [main] Main - User have chosen //2
[INFO ] 2023-12-14 13:40:57.845 [main] Main - Connecting new Appliance
[INFO ] 2023-12-14 13:40:59.498 [main] Main - Washer device connected
[INFO ] 2023-12-14 13:40:59.498 [main] Main - Entered MAIN MENU
[INFO ] 2023-12-14 13:40:59.498 [main] Main - MAIN MENU showed up
[INFO ] 2023-12-14 13:41:01.383 [main] Main - User have chosen //4
[INFO ] 2023-12-14 13:41:01.383 [main] Main - Listing Appliances
[INFO ] 2023-12-14 13:41:03.362 [main] Main - Entered MAIN MENU
[INFO ] 2023-12-14 13:41:03.362 [main] Main - MAIN MENU showed up
[INFO ] 2023-12-14 13:41:05.860 [main] Main - User have chosen //7
[INFO ] 2023-12-14 13:41:05.902 [main] Main - Json file written
[INFO ] 2023-12-14 13:41:07.681 [main] Main - Entered MAIN MENU
[INFO ] 2023-12-14 13:41:07.681 [main] Main - MAIN MENU showed up
[INFO ] 2023-12-14 13:41:09.560 [main] Main - Programm ended
[INFO ] 2023-12-14 13:42:30.525 [main] Main - Programm started
[INFO ] 2023-12-14 13:42:30.534 [main] Main - Entered MAIN MENU
[INFO ] 2023-12-14 13:42:30.535 [main] Main - MAIN MENU showed up
[INFO ] 2023-12-14 13:42:34.293 [main] Main - User have chosen //8
[INFO ] 2023-12-14 13:44:28.814 [main] Main - Programm started
[INFO ] 2023-12-14 13:44:28.821 [main] Main - Entered MAIN MENU
[INFO ] 2023-12-14 13:44:28.822 [main] Main - MAIN MENU showed up
[INFO ] 2023-12-14 13:44:30.923 [main] Main - User have chosen //8
[INFO ] 2023-12-14 13:51:55.015 [main] Main - Programm started
[INFO ] 2023-12-14 13:51:55.024 [main] Main - Entered MAIN MENU
[INFO ] 2023-12-14 13:51:55.024 [main] Main - MAIN MENU showed up
[INFO ] 2023-12-14 13:51:56.631 [main] Main - User have chosen //2
[INFO ] 2023-12-14 13:51:56.632 [main] Main - Connecting new Appliance
[INFO ] 2023-12-14 13:51:57.982 [main] Main - Washer device connected
[INFO ] 2023-12-14 13:51:57.982 [main] Main - Entered MAIN MENU
[INFO ] 2023-12-14 13:51:57.982 [main] Main - MAIN MENU showed up
[INFO ] 2023-12-14 13:51:58.670 [main] Main - User have chosen //1
[INFO ] 2023-12-14 13:51:58.670 [main] Main - Connecting new Appliance
[INFO ] 2023-12-14 13:52:00.142 [main] Main - Freezer device connected
[INFO ] 2023-12-14 13:52:00.142 [main] Main - Entered MAIN MENU
[INFO ] 2023-12-14 13:52:00.142 [main] Main - MAIN MENU showed up
[INFO ] 2023-12-14 13:52:01.514 [main] Main - User have chosen //4
[INFO ] 2023-12-14 13:52:01.514 [main] Main - Listing Appliances
[INFO ] 2023-12-14 13:52:04.451 [main] Main - Entered MAIN MENU
[INFO ] 2023-12-14 13:52:04.451 [main] Main - MAIN MENU showed up
[INFO ] 2023-12-14 13:52:07.104 [main] Main - User have chosen //7
[INFO ] 2023-12-14 13:52:07.144 [main] Main - Json file written
[INFO ] 2023-12-14 13:52:09.237 [main] Main - Entered MAIN MENU
[INFO ] 2023-12-14 13:52:09.237 [main] Main - MAIN MENU showed up
[INFO ] 2023-12-14 13:52:10.569 [main] Main - Programm ended
[INFO ] 2023-12-14 13:55:40.711 [main] Main - Programm started
[INFO ] 2023-12-14 13:55:40.718 [main] Main - Entered MAIN MENU
[INFO ] 2023-12-14 13:55:40.718 [main] Main - MAIN MENU showed up
[INFO ] 2023-12-14 13:55:44.187 [main] Main - User have chosen //1
[INFO ] 2023-12-14 13:55:44.187 [main] Main - Connecting new Appliance
[INFO ] 2023-12-14 13:55:45.744 [main] Main - Freezer device connected
[INFO ] 2023-12-14 13:55:45.744 [main] Main - Entered MAIN MENU
[INFO ] 2023-12-14 13:55:45.744 [main] Main - MAIN MENU showed up
[INFO ] 2023-12-14 13:55:47.040 [main] Main - User have chosen //2
[INFO ] 2023-12-14 13:55:47.040 [main] Main - Connecting new Appliance
[INFO ] 2023-12-14 13:55:48.435 [main] Main - Washer device connected
[INFO ] 2023-12-14 13:55:48.435 [main] Main - Entered MAIN MENU
[INFO ] 2023-12-14 13:55:48.435 [main] Main - MAIN MENU showed up
[INFO ] 2023-12-14 13:55:49.450 [main] Main - User have chosen //4
[INFO ] 2023-12-14 13:55:49.450 [main] Main - Listing Appliances
[INFO ] 2023-12-14 13:55:51.641 [main] Main - Entered MAIN MENU
[INFO ] 2023-12-14 13:55:51.641 [main] Main - MAIN MENU showed up
[INFO ] 2023-12-14 13:55:54.309 [main] Main - User have chosen //7
[INFO ] 2023-12-14 13:55:54.348 [main] Main - Json file written
[INFO ] 2023-12-14 13:55:55.801 [main] Main - Entered MAIN MENU
[INFO ] 2023-12-14 13:55:55.801 [main] Main - MAIN MENU showed up
[INFO ] 2023-12-14 13:55:56.943 [main] Main - Programm ended
[INFO ] 2023-12-14 13:59:49.177 [main] Main - Programm started
[INFO ] 2023-12-14 13:59:49.185 [main] Main - Entered MAIN MENU
[INFO ] 2023-12-14 13:59:49.185 [main] Main - MAIN MENU showed up
[INFO ] 2023-12-14 13:59:53.011 [main] Main - User have chosen //8
[INFO ] 2023-12-14 14:01:48.289 [main] Main - Programm started
[INFO ] 2023-12-14 14:01:48.296 [main] Main - Entered MAIN MENU
[INFO ] 2023-12-14 14:01:48.296 [main] Main - MAIN MENU showed up
[INFO ] 2023-12-14 14:01:50.859 [main] Main - User have chosen //2
[INFO ] 2023-12-14 14:01:50.859 [main] Main - Connecting new Appliance
[INFO ] 2023-12-14 14:01:52.348 [main] Main - Washer device connected
[INFO ] 2023-12-14 14:01:52.348 [main] Main - Entered MAIN MENU
[INFO ] 2023-12-14 14:01:52.348 [main] Main - MAIN MENU showed up
[INFO ] 2023-12-14 14:01:54.710 [main] Main - User have chosen //1
[INFO ] 2023-12-14 14:01:54.710 [main] Main - Connecting new Appliance
[INFO ] 2023-12-14 14:01:56.015 [main] Main - Freezer device connected
[INFO ] 2023-12-14 14:01:56.015 [main] Main - Entered MAIN MENU
[INFO ] 2023-12-14 14:01:56.015 [main] Main - MAIN MENU showed up
[INFO ] 2023-12-14 14:01:56.733 [main] Main - User have chosen //4
[INFO ] 2023-12-14 14:01:56.733 [main] Main - Listing Appliances
[INFO ] 2023-12-14 14:01:58.514 [main] Main - Entered MAIN MENU
[INFO ] 2023-12-14 14:01:58.514 [main] Main - MAIN MENU showed up
[INFO ] 2023-12-14 14:02:01.121 [main] Main - User have chosen //7
[INFO ] 2023-12-14 14:02:01.160 [main] Main - Json file written
[INFO ] 2023-12-14 14:02:02.916 [main] Main - Entered MAIN MENU
[INFO ] 2023-12-14 14:02:02.916 [main] Main - MAIN MENU showed up
[INFO ] 2023-12-14 14:02:04.241 [main] Main - Programm ended
[INFO ] 2023-12-14 14:02:16.758 [main] Main - Programm started
[INFO ] 2023-12-14 14:02:16.766 [main] Main - Entered MAIN MENU
[INFO ] 2023-12-14 14:02:16.767 [main] Main - MAIN MENU showed up
[INFO ] 2023-12-14 14:02:24.406 [main] Main - User have chosen //8
